ProgrammingError
sqlalchemy.exc.ProgrammingError: (psycopg2.errors.UndefinedColumn) column reliefrqst.update_by_id does not exist
LINE 2: ...liefrqst.create_dtime AS reliefrqst_create_dtime, reliefrqst...
                                                             ^
HINT:  Perhaps you meant to reference the column "reliefrqst.create_by_id".

[SQL: SELECT count(*) AS count_1 
FROM (SELECT reliefrqst.reliefrqst_id AS reliefrqst_reliefrqst_id, reliefrqst.agency_id AS reliefrqst_agency_id, reliefrqst.request_date AS reliefrqst_request_date, reliefrqst.tracking_no AS reliefrqst_tracking_no, reliefrqst.eligible_event_id AS reliefrqst_eligible_event_id, reliefrqst.urgency_ind AS reliefrqst_urgency_ind, reliefrqst.rqst_notes_text AS reliefrqst_rqst_notes_text, reliefrqst.review_notes_text AS reliefrqst_review_notes_text, reliefrqst.status_code AS reliefrqst_status_code, reliefrqst.status_reason_desc AS reliefrqst_status_reason_desc, reliefrqst.create_by_id AS reliefrqst_create_by_id, reliefrqst.create_dtime AS reliefrqst_create_dtime, reliefrqst.update_by_id AS reliefrqst_update_by_id, reliefrqst.update_dtime AS reliefrqst_update_dtime, reliefrqst.review_by_id AS reliefrqst_review_by_id, reliefrqst.review_dtime AS reliefrqst_review_dtime, reliefrqst.action_by_id AS reliefrqst_action_by_id, reliefrqst.action_dtime AS reliefrqst_action_dtime, reliefrqst.version_nbr AS reliefrqst_version_nbr 
FROM reliefrqst 
WHERE reliefrqst.status_code = %(status_code_1)s AND reliefrqst.review_by_id IS NULL) AS anon_1]
[parameters: {'status_code_1': 1}]
(Background on this error at: https://sqlalche.me/e/20/f405)

Traceback (most recent call last)
File "/home/runner/workspace/.pythonlibs/lib/python3.11/site-packages/sqlalchemy/engine/base.py", line 1967, in _exec_single_context
self.dialect.do_execute(
^
File "/home/runner/workspace/.pythonlibs/lib/python3.11/site-packages/sqlalchemy/engine/default.py", line 941, in do_execute
cursor.execute(statement, parameters)
^^^^^^^^^^^^^^^^^^^^^^^^^^^^^^^^^^^^^
The above exception was the direct cause of the following exception:
File "/home/runner/workspace/.pythonlibs/lib/python3.11/site-packages/flask/app.py", line 1498, in __call__
return self.wsgi_app(environ, start_response)
       ^^^^^^^^^^^^^^^^^^^^^^^^^^^^^^^^^^^^^^
File "/home/runner/workspace/.pythonlibs/lib/python3.11/site-packages/flask/app.py", line 1476, in wsgi_app
response = self.handle_exception(e)
           ^^^^^^^^^^^^^^^^^^^^^^^^
File "/home/runner/workspace/.pythonlibs/lib/python3.11/site-packages/flask/app.py", line 1473, in wsgi_app
response = self.full_dispatch_request()
           ^^^^^^^^^^^^^^^^^^^^^^^^^^^^
File "/home/runner/workspace/.pythonlibs/lib/python3.11/site-packages/flask/app.py", line 882, in full_dispatch_request
rv = self.handle_user_exception(e)
     ^^^^^^^^^^^^^^^^^^^^^^^^^^^^^
File "/home/runner/workspace/.pythonlibs/lib/python3.11/site-packages/flask/app.py", line 880, in full_dispatch_request
rv = self.dispatch_request()
     ^^^^^^^^^^^^^^^^^^^^^^^
File "/home/runner/workspace/.pythonlibs/lib/python3.11/site-packages/flask/app.py", line 865, in dispatch_request
return self.ensure_sync(self.view_functions[rule.endpoint])(**view_args)  # type: ignore[no-any-return]
       ^^^^^^^^^^^^^^^^^^^^^^^^^^^^^^^^^^^^^^^^^^^^^^^^^^^^^^^^^^^^^^^^^
File "/home/runner/workspace/.pythonlibs/lib/python3.11/site-packages/flask_login/utils.py", line 290, in decorated_view
return current_app.ensure_sync(func)(*args, **kwargs)
       ^^^^^^^^^^^^^^^^^^^^^^^^^^^^^^^^^^^^^^^^^^^^^^
File "/home/runner/workspace/app/core/rbac.py", line 36, in decorated_function
return f(*args, **kwargs)
       ^^^^^^^^^^^^^^^^^^
File "/home/runner/workspace/app/features/odpem_director.py", line 35, in dashboard
).count(),
  ^^^^^^^
File "/home/runner/workspace/.pythonlibs/lib/python3.11/site-packages/sqlalchemy/orm/query.py", line 3112, in count
self._legacy_from_self(col).enable_eagerloads(False).scalar()
^^^^^^^^^^^^^^^^^^^^^^^^^^^^^^^^^^^^^^^^^^^^^^^^^^^^^^^^^^^^^
File "/home/runner/workspace/.pythonlibs/lib/python3.11/site-packages/sqlalchemy/orm/query.py", line 2805, in scalar
ret = self.one()
      ^^^^^^^^^^
File "/home/runner/workspace/.pythonlibs/lib/python3.11/site-packages/sqlalchemy/orm/query.py", line 2778, in one
return self._iter().one()  # type: ignore
       ^^^^^^^^^^^^
File "/home/runner/workspace/.pythonlibs/lib/python3.11/site-packages/sqlalchemy/orm/query.py", line 2827, in _iter
result: Union[ScalarResult[_T], Result[_T]] = self.session.execute(
                                              
File "/home/runner/workspace/.pythonlibs/lib/python3.11/site-packages/sqlalchemy/orm/session.py", line 2362, in execute
return self._execute_internal(
       
File "/home/runner/workspace/.pythonlibs/lib/python3.11/site-packages/sqlalchemy/orm/session.py", line 2247, in _execute_internal
result: Result[Any] = compile_state_cls.orm_execute_statement(
                      
File "/home/runner/workspace/.pythonlibs/lib/python3.11/site-packages/sqlalchemy/orm/context.py", line 293, in orm_execute_statement
result = conn.execute(
         
File "/home/runner/workspace/.pythonlibs/lib/python3.11/site-packages/sqlalchemy/engine/base.py", line 1418, in execute
return meth(
       
File "/home/runner/workspace/.pythonlibs/lib/python3.11/site-packages/sqlalchemy/sql/elements.py", line 515, in _execute_on_connection
return connection._execute_clauseelement(
       
File "/home/runner/workspace/.pythonlibs/lib/python3.11/site-packages/sqlalchemy/engine/base.py", line 1640, in _execute_clauseelement
ret = self._execute_context(
      
File "/home/runner/workspace/.pythonlibs/lib/python3.11/site-packages/sqlalchemy/engine/base.py", line 1846, in _execute_context
return self._exec_single_context(
       
File "/home/runner/workspace/.pythonlibs/lib/python3.11/site-packages/sqlalchemy/engine/base.py", line 1986, in _exec_single_context
self._handle_dbapi_exception(
^
File "/home/runner/workspace/.pythonlibs/lib/python3.11/site-packages/sqlalchemy/engine/base.py", line 2355, in _handle_dbapi_exception
raise sqlalchemy_exception.with_traceback(exc_info[2]) from e
^^^^^^^^^^^^^^^^^^^^^^^^^^^^^^^^^^^^^^^^^^^^^^^^^^^^^^^^^^^^^
File "/home/runner/workspace/.pythonlibs/lib/python3.11/site-packages/sqlalchemy/engine/base.py", line 1967, in _exec_single_context
self.dialect.do_execute(
^
File "/home/runner/workspace/.pythonlibs/lib/python3.11/site-packages/sqlalchemy/engine/default.py", line 941, in do_execute
cursor.execute(statement, parameters)
^^^^^^^^^^^^^^^^^^^^^^^^^^^^^^^^^^^^^
sqlalchemy.exc.ProgrammingError: (psycopg2.errors.UndefinedColumn) column reliefrqst.update_by_id does not exist
LINE 2: ...liefrqst.create_dtime AS reliefrqst_create_dtime, reliefrqst...
^
HINT: Perhaps you meant to reference the column "reliefrqst.create_by_id".

[SQL: SELECT count(*) AS count_1
FROM (SELECT reliefrqst.reliefrqst_id AS reliefrqst_reliefrqst_id, reliefrqst.agency_id AS reliefrqst_agency_id, reliefrqst.request_date AS reliefrqst_request_date, reliefrqst.tracking_no AS reliefrqst_tracking_no, reliefrqst.eligible_event_id AS reliefrqst_eligible_event_id, reliefrqst.urgency_ind AS reliefrqst_urgency_ind, reliefrqst.rqst_notes_text AS reliefrqst_rqst_notes_text, reliefrqst.review_notes_text AS reliefrqst_review_notes_text, reliefrqst.status_code AS reliefrqst_status_code, reliefrqst.status_reason_desc AS reliefrqst_status_reason_desc, reliefrqst.create_by_id AS reliefrqst_create_by_id, reliefrqst.create_dtime AS reliefrqst_create_dtime, reliefrqst.update_by_id AS reliefrqst_update_by_id, reliefrqst.update_dtime AS reliefrqst_update_dtime, reliefrqst.review_by_id AS reliefrqst_review_by_id, reliefrqst.review_dtime AS reliefrqst_review_dtime, reliefrqst.action_by_id AS reliefrqst_action_by_id, reliefrqst.action_dtime AS reliefrqst_action_dtime, reliefrqst.version_nbr AS reliefrqst_version_nbr
FROM reliefrqst
WHERE reliefrqst.status_code = %(status_code_1)s AND reliefrqst.review_by_id IS NULL) AS anon_1]
[parameters: {'status_code_1': 1}]
(Background on this error at: https://sqlalche.me/e/20/f405)
The debugger caught an exception in your WSGI application. You can now look at the traceback which led to the error.
To switch between the interactive traceback and the plaintext one, you can click on the "Traceback" headline. From the text traceback you can also create a paste of it.

