IntegrityErrorsqlalchemy.exc.IntegrityError: (psycopg2.errors.NotNullViolation) null value in column "verify_by_id" of relation "reliefpkg" violates not-null constraintDETAIL:  Failing row contains (22, 1, 44, 2025-11-20, null, null, null, P, MONIQUE@GOV.JM, 2025-11-20 22:49:11, MONIQUE@GOV.JM, 2025-11-20 22:49:11, null, null, 1, null, null, 6, A15D7A7, null).[SQL: INSERT INTO reliefpkg (agency_id, tracking_no, eligible_event_id, to_inventory_id, reliefrqst_id, start_date, dispatch_dtime, transport_mode, comments_text, status_code, create_by_id, create_dtime, update_by_id, update_dtime, verify_by_id, verify_dtime, received_by_id, received_dtime, version_nbr) VALUES (%(agency_id)s, %(tracking_no)s, %(eligible_event_id)s, %(to_inventory_id)s, %(reliefrqst_id)s, %(start_date)s, %(dispatch_dtime)s, %(transport_mode)s, %(comments_text)s, %(status_code)s, %(create_by_id)s, %(create_dtime)s, %(update_by_id)s, %(update_dtime)s, %(verify_by_id)s, %(verify_dtime)s, %(received_by_id)s, %(received_dtime)s, %(version_nbr)s) RETURNING reliefpkg.reliefpkg_id][parameters: {'agency_id': 6, 'tracking_no': 'A15D7A7', 'eligible_event_id': None, 'to_inventory_id': 1, 'reliefrqst_id': 44, 'start_date': datetime.date(2025, 11, 20), 'dispatch_dtime': None, 'transport_mode': None, 'comments_text': None, 'status_code': 'P', 'create_by_id': 'MONIQUE@GOV.JM', 'create_dtime': datetime.datetime(2025, 11, 20, 22, 49, 10, 960619), 'update_by_id': 'MONIQUE@GOV.JM', 'update_dtime': datetime.datetime(2025, 11, 20, 22, 49, 10, 960627), 'verify_by_id': None, 'verify_dtime': None, 'received_by_id': None, 'received_dtime': None, 'version_nbr': 1}](Background on this error at: https://sqlalche.me/e/20/gkpj)Traceback (most recent call last)File "/home/runner/workspace/.pythonlibs/lib/python3.11/site-packages/sqlalchemy/engine/base.py", line 1967, in _exec_single_contextself.dialect.do_execute(^File "/home/runner/workspace/.pythonlibs/lib/python3.11/site-packages/sqlalchemy/engine/default.py", line 941, in do_executecursor.execute(statement, parameters)^^^^^^^^^^^^^^^^^^^^^^^^^^^^^^^^^^^^^The above exception was the direct cause of the following exception:File "/home/runner/workspace/.pythonlibs/lib/python3.11/site-packages/flask/app.py", line 1498, in __call__return self.wsgi_app(environ, start_response)       ^^^^^^^^^^^^^^^^^^^^^^^^^^^^^^^^^^^^^^File "/home/runner/workspace/.pythonlibs/lib/python3.11/site-packages/flask/app.py", line 1476, in wsgi_appresponse = self.handle_exception(e)           ^^^^^^^^^^^^^^^^^^^^^^^^File "/home/runner/workspace/.pythonlibs/lib/python3.11/site-packages/flask/app.py", line 1473, in wsgi_appresponse = self.full_dispatch_request()           ^^^^^^^^^^^^^^^^^^^^^^^^^^^^File "/home/runner/workspace/.pythonlibs/lib/python3.11/site-packages/flask/app.py", line 882, in full_dispatch_requestrv = self.handle_user_exception(e)     ^^^^^^^^^^^^^^^^^^^^^^^^^^^^^File "/home/runner/workspace/.pythonlibs/lib/python3.11/site-packages/flask/app.py", line 880, in full_dispatch_requestrv = self.dispatch_request()     ^^^^^^^^^^^^^^^^^^^^^^^File "/home/runner/workspace/.pythonlibs/lib/python3.11/site-packages/flask/app.py", line 865, in dispatch_requestreturn self.ensure_sync(self.view_functions[rule.endpoint])(**view_args)  # type: ignore[no-any-return]       ^^^^^^^^^^^^^^^^^^^^^^^^^^^^^^^^^^^^^^^^^^^^^^^^^^^^^^^^^^^^^^^^^File "/home/runner/workspace/.pythonlibs/lib/python3.11/site-packages/flask_login/utils.py", line 290, in decorated_viewreturn current_app.ensure_sync(func)(*args, **kwargs)       ^^^^^^^^^^^^^^^^^^^^^^^^^^^^^^^^^^^^^^^^^^^^^^File "/home/runner/workspace/app/features/packaging.py", line 976, in prepare_packagereturn _submit_for_approval(relief_request)       ^^^^^^^^^^^^^^^^^^^^^^^^^^^^^^^^^^^^File "/home/runner/workspace/app/features/packaging.py", line 1069, in _submit_for_approvalnew_allocations = _process_allocations(relief_request, validate_complete=False)                  ^^^^^^^^^^^^^^^^^^^^^^^^^^^^^^^^^^^^^^^^^^^^^^^^^^^^^^^^^^^^^File "/home/runner/workspace/app/features/packaging.py", line 1259, in _process_allocationsdb.session.flush()  # Get the reliefpkg_id^^^^^^^^^^^^^^^^^^File "/home/runner/workspace/.pythonlibs/lib/python3.11/site-packages/sqlalchemy/orm/scoping.py", line 937, in flushreturn self._proxied.flush(objects=objects)       ^^^^^^^^^^^^^^^^^^^^^^^^^^^^^^^^^^^^File "/home/runner/workspace/.pythonlibs/lib/python3.11/site-packages/sqlalchemy/orm/session.py", line 4352, in flushself._flush(objects)^^^^^^^^^^^^^^^^^^^^File "/home/runner/workspace/.pythonlibs/lib/python3.11/site-packages/sqlalchemy/orm/session.py", line 4487, in _flushwith util.safe_reraise():^^^^^^^^^^^^^^^^^^^^^^^^^^^^^^^^^^^^^^^^^^^^^^^^^File "/home/runner/workspace/.pythonlibs/lib/python3.11/site-packages/sqlalchemy/util/langhelpers.py", line 146, in __exit__raise exc_value.with_traceback(exc_tb)^^^^^^^^^^^^^^^^^^^^^^^^^^^^^^^^^^^^^^File "/home/runner/workspace/.pythonlibs/lib/python3.11/site-packages/sqlalchemy/orm/session.py", line 4448, in _flushflush_context.execute()^^^^^^^^^^^^^^^^^^^^^^^File "/home/runner/workspace/.pythonlibs/lib/python3.11/site-packages/sqlalchemy/orm/unitofwork.py", line 466, in executerec.execute(self)^^^^^^^^^^^^^^^^^File "/home/runner/workspace/.pythonlibs/lib/python3.11/site-packages/sqlalchemy/orm/unitofwork.py", line 642, in executeutil.preloaded.orm_persistence.save_obj(^File "/home/runner/workspace/.pythonlibs/lib/python3.11/site-packages/sqlalchemy/orm/persistence.py", line 93, in save_obj_emit_insert_statements(^File "/home/runner/workspace/.pythonlibs/lib/python3.11/site-packages/sqlalchemy/orm/persistence.py", line 1233, in _emit_insert_statementsresult = connection.execute(         File "/home/runner/workspace/.pythonlibs/lib/python3.11/site-packages/sqlalchemy/engine/base.py", line 1418, in executereturn meth(       File "/home/runner/workspace/.pythonlibs/lib/python3.11/site-packages/sqlalchemy/sql/elements.py", line 515, in _execute_on_connectionreturn connection._execute_clauseelement(       File "/home/runner/workspace/.pythonlibs/lib/python3.11/site-packages/sqlalchemy/engine/base.py", line 1640, in _execute_clauseelementret = self._execute_context(      File "/home/runner/workspace/.pythonlibs/lib/python3.11/site-packages/sqlalchemy/engine/base.py", line 1846, in _execute_contextreturn self._exec_single_context(       File "/home/runner/workspace/.pythonlibs/lib/python3.11/site-packages/sqlalchemy/engine/base.py", line 1986, in _exec_single_contextself._handle_dbapi_exception(^File "/home/runner/workspace/.pythonlibs/lib/python3.11/site-packages/sqlalchemy/engine/base.py", line 2355, in _handle_dbapi_exceptionraise sqlalchemy_exception.with_traceback(exc_info[2]) from e^^^^^^^^^^^^^^^^^^^^^^^^^^^^^^^^^^^^^^^^^^^^^^^^^^^^^^^^^^^^^File "/home/runner/workspace/.pythonlibs/lib/python3.11/site-packages/sqlalchemy/engine/base.py", line 1967, in _exec_single_contextself.dialect.do_execute(^File "/home/runner/workspace/.pythonlibs/lib/python3.11/site-packages/sqlalchemy/engine/default.py", line 941, in do_executecursor.execute(statement, parameters)^^^^^^^^^^^^^^^^^^^^^^^^^^^^^^^^^^^^^sqlalchemy.exc.IntegrityError: (psycopg2.errors.NotNullViolation) null value in column "verify_by_id" of relation "reliefpkg" violates not-null constraintDETAIL: Failing row contains (22, 1, 44, 2025-11-20, null, null, null, P, MONIQUE@GOV.JM, 2025-11-20 22:49:11, MONIQUE@GOV.JM, 2025-11-20 22:49:11, null, null, 1, null, null, 6, A15D7A7, null).[SQL: INSERT INTO reliefpkg (agency_id, tracking_no, eligible_event_id, to_inventory_id, reliefrqst_id, start_date, dispatch_dtime, transport_mode, comments_text, status_code, create_by_id, create_dtime, update_by_id, update_dtime, verify_by_id, verify_dtime, received_by_id, received_dtime, version_nbr) VALUES (%(agency_id)s, %(tracking_no)s, %(eligible_event_id)s, %(to_inventory_id)s, %(reliefrqst_id)s, %(start_date)s, %(dispatch_dtime)s, %(transport_mode)s, %(comments_text)s, %(status_code)s, %(create_by_id)s, %(create_dtime)s, %(update_by_id)s, %(update_dtime)s, %(verify_by_id)s, %(verify_dtime)s, %(received_by_id)s, %(received_dtime)s, %(version_nbr)s) RETURNING reliefpkg.reliefpkg_id][parameters: {'agency_id': 6, 'tracking_no': 'A15D7A7', 'eligible_event_id': None, 'to_inventory_id': 1, 'reliefrqst_id': 44, 'start_date': datetime.date(2025, 11, 20), 'dispatch_dtime': None, 'transport_mode': None, 'comments_text': None, 'status_code': 'P', 'create_by_id': 'MONIQUE@GOV.JM', 'create_dtime': datetime.datetime(2025, 11, 20, 22, 49, 10, 960619), 'update_by_id': 'MONIQUE@GOV.JM', 'update_dtime': datetime.datetime(2025, 11, 20, 22, 49, 10, 960627), 'verify_by_id': None, 'verify_dtime': None, 'received_by_id': None, 'received_dtime': None, 'version_nbr': 1}](Background on this error at: https://sqlalche.me/e/20/gkpj)The debugger caught an exception in your WSGI application. You can now look at the traceback which led to the error.To switch between the interactive traceback and the plaintext one, you can click on the "Traceback" headline. From the text traceback you can also create a paste of it.Brought to you by DON'T PANIC, your friendly Werkzeug powered traceback interpreter.